<?xml version="1.0" encoding="UTF-8"?>
<testsuite xmlns:xsi="http://www.w3.org/2001/XMLSchema-instance" xsi:noNamespaceSchemaLocation="https://maven.apache.org/surefire/maven-surefire-plugin/xsd/surefire-test-report.xsd" version="3.0.2" name="com.example.validarCPF.ValidarCpfApplicationTests" time="1.919" tests="1" errors="0" skipped="0" failures="0" flakes="0">
  <properties>
[...]
</properties>
  <testcase name="contextLoads" classname="com.example.validarCPF.ValidarCpfApplicationTests" time="0.668">
    <system-out><![CDATA[16:05:23.878 [main] INFO org.springframework.test.context.support.AnnotationConfigContextLoaderUtils -- Could not detect default configuration classes for test class [com.example.validarCPF.ValidarCpfApplicationTests]: ValidarCpfApplicationTests does not declare any static, non-private, non-final, nested classes annotated with @Configuration.
16:05:23.970 [main] INFO org.springframework.boot.test.context.SpringBootTestContextBootstrapper -- Found @SpringBootConfiguration com.example.validarCPF.ValidarCpfApplication for test class com.example.validarCPF.ValidarCpfApplicationTests
16:05:24.058 [main] INFO org.springframework.test.context.support.AnnotationConfigContextLoaderUtils -- Could not detect default configuration classes for test class [com.example.validarCPF.ValidarCpfApplicationTests]: ValidarCpfApplicationTests does not declare any static, non-private, non-final, nested classes annotated with @Configuration.
16:05:24.060 [main] INFO org.springframework.boot.test.context.SpringBootTestContextBootstrapper -- Found @SpringBootConfiguration com.example.validarCPF.ValidarCpfApplication for test class com.example.validarCPF.ValidarCpfApplicationTests

  .   ____          _            __ _ _
 /\\ / ___'_ __ _ _(_)_ __  __ _ \ \ \ \
( ( )\___ | '_ | '_| | '_ \/ _` | \ \ \ \
 \\/  ___)| |_)| | | | | || (_| |  ) ) ) )
  '  |____| .__|_| |_|_| |_\__, | / / / /
 =========|_|==============|___/=/_/_/_/

 :: Spring Boot ::                (v4.0.5)

2026-04-16T16:05:24.420-03:00  INFO 15912 --- [validarCPF] [           main] c.e.v.ValidarCpfApplicationTests         : Starting ValidarCpfApplicationTests using Java 21.0.3 with PID 15912 (started by dti in C:\Users\dti\Downloads\validarCPF\validarCPF)
2026-04-16T16:05:24.422-03:00  INFO 15912 --- [validarCPF] [           main] c.e.v.ValidarCpfApplicationTests         : No active profile set, falling back to 1 default profile: "default"
2026-04-16T16:05:24.884-03:00  INFO 15912 --- [validarCPF] [           main] c.e.v.ValidarCpfApplicationTests         : Started ValidarCpfApplicationTests in 0.748 seconds (process running for 1.88)
]]></system-out>
    <system-err><![CDATA[Mockito is currently self-attaching to enable the inline-mock-maker. This will no longer work in future releases of the JDK. Please add Mockito as an agent to your build as described in Mockito's documentation: https://javadoc.io/doc/org.mockito/mockito-core/latest/org.mockito/org/mockito/Mockito.html#0.3
WARNING: A Java agent has been loaded dynamically (C:\Users\dti\.m2\repository\net\bytebuddy\byte-buddy-agent\1.17.8\byte-buddy-agent-1.17.8.jar)
WARNING: If a serviceability tool is in use, please run with -XX:+EnableDynamicAgentLoading to hide this warning
WARNING: If a serviceability tool is not in use, please run with -Djdk.instrument.traceUsage for more information
WARNING: Dynamic loading of agents will be disallowed by default in a future release
]]></system-err>
  </testcase>
</testsuite>